# JRE version: OpenJDK Runtime Environment (11.0.8+10) (build 11.0.8+10-b944.6842174)
# Java VM: OpenJDK 64-Bit Server VM (11.0.8+10-b944.6842174, mixed mode, tiered, compressed oops, g1 gc, windows-amd64)
Heap:
 garbage-first heap   total 131072K, used 74232K [0x0000000081400000, 0x0000000100000000)
  region size 1024K, 50 young (51200K), 2 survivors (2048K)
 Metaspace       used 45110K, capacity 45699K, committed 46032K, reserved 1089536K
  class space    used 5307K, capacity 5522K, committed 5632K, reserved 1048576K
GC Heap History (8 events):
Event: 0.630 GC heap before
{Heap before GC invocations=0 (full 0):
 garbage-first heap   total 131072K, used 17408K [0x0000000081400000, 0x0000000100000000)
  region size 1024K, 14 young (14336K), 0 survivors (0K)
 Metaspace       used 9777K, capacity 9871K, committed 10112K, reserved 1058816K
  class space    used 834K, capacity 884K, committed 896K, reserved 1048576K
}
Event: 0.634 GC heap after
{Heap after GC invocations=1 (full 0):
 garbage-first heap   total 131072K, used 5164K [0x0000000081400000, 0x0000000100000000)
  region size 1024K, 2 young (2048K), 2 survivors (2048K)
 Metaspace       used 9777K, capacity 9871K, committed 10112K, reserved 1058816K
  class space    used 834K, capacity 884K, committed 896K, reserved 1048576K
}
Event: 1.949 GC heap before
{Heap before GC invocations=1 (full 0):
 garbage-first heap   total 131072K, used 51244K [0x0000000081400000, 0x0000000100000000)
  region size 1024K, 48 young (49152K), 2 survivors (2048K)
 Metaspace       used 20985K, capacity 21184K, committed 21248K, reserved 1069056K
  class space    used 2207K, capacity 2291K, committed 2304K, reserved 1048576K
}
Event: 1.966 GC heap after
{Heap after GC invocations=2 (full 0):
 garbage-first heap   total 131072K, used 9488K [0x0000000081400000, 0x0000000100000000)
  region size 1024K, 7 young (7168K), 7 survivors (7168K)
 Metaspace       used 20985K, capacity 21184K, committed 21248K, reserved 1069056K
  class space    used 2207K, capacity 2291K, committed 2304K, reserved 1048576K
}
Event: 3.462 GC heap before
{Heap before GC invocations=3 (full 0):
 garbage-first heap   total 131072K, used 66832K [0x0000000081400000, 0x0000000100000000)
  region size 1024K, 55 young (56320K), 7 survivors (7168K)
 Metaspace       used 30973K, capacity 31382K, committed 31484K, reserved 1077248K
  class space    used 3651K, capacity 3809K, committed 3840K, reserved 1048576K
}
Event: 3.489 GC heap after
{Heap after GC invocations=4 (full 0):
 garbage-first heap   total 131072K, used 22396K [0x0000000081400000, 0x0000000100000000)
  region size 1024K, 7 young (7168K), 7 survivors (7168K)
 Metaspace       used 30973K, capacity 31382K, committed 31484K, reserved 1077248K
  class space    used 3651K, capacity 3809K, committed 3840K, reserved 1048576K
}
Event: 4.106 GC heap before
{Heap before GC invocations=4 (full 0):
 garbage-first heap   total 131072K, used 44924K [0x0000000081400000, 0x0000000100000000)
  region size 1024K, 26 young (26624K), 7 survivors (7168K)
 Metaspace       used 35472K, capacity 35878K, committed 36048K, reserved 1081344K
  class space    used 4345K, capacity 4516K, committed 4608K, reserved 1048576K
}
Event: 4.120 GC heap after
{Heap after GC invocations=5 (full 0):
 garbage-first heap   total 131072K, used 26104K [0x0000000081400000, 0x0000000100000000)
  region size 1024K, 2 young (2048K), 2 survivors (2048K)
 Metaspace       used 35472K, capacity 35878K, committed 36048K, reserved 1081344K
  class space    used 4345K, capacity 4516K, committed 4608K, reserved 1048576K
}

